mode: set
github.com/xerardoo/invoice-cfdi-validator/internal/validator/app/app.go:37.19,40.16 3 0
github.com/xerardoo/invoice-cfdi-validator/internal/validator/app/app.go:40.16,41.13 1 0
github.com/xerardoo/invoice-cfdi-validator/internal/validator/app/app.go:45.24,47.2 1 0
github.com/xerardoo/invoice-cfdi-validator/internal/validator/app/app.go:49.33,51.16 2 1
github.com/xerardoo/invoice-cfdi-validator/internal/validator/app/app.go:55.2,59.16 3 1
github.com/xerardoo/invoice-cfdi-validator/internal/validator/app/app.go:62.2,62.45 1 1
github.com/xerardoo/invoice-cfdi-validator/internal/validator/app/app.go:66.2,66.21 1 1
github.com/xerardoo/invoice-cfdi-validator/internal/validator/app/app.go:70.2,70.48 1 1
github.com/xerardoo/invoice-cfdi-validator/internal/validator/app/app.go:76.2,80.16 4 1
github.com/xerardoo/invoice-cfdi-validator/internal/validator/app/app.go:83.2,84.16 2 1
github.com/xerardoo/invoice-cfdi-validator/internal/validator/app/app.go:89.2,93.17 4 1
github.com/xerardoo/invoice-cfdi-validator/internal/validator/app/app.go:156.2,156.8 1 1
github.com/xerardoo/invoice-cfdi-validator/internal/validator/app/app.go:51.16,54.3 2 0
github.com/xerardoo/invoice-cfdi-validator/internal/validator/app/app.go:59.16,61.3 1 0
github.com/xerardoo/invoice-cfdi-validator/internal/validator/app/app.go:62.45,65.3 2 0
github.com/xerardoo/invoice-cfdi-validator/internal/validator/app/app.go:66.21,69.3 2 0
github.com/xerardoo/invoice-cfdi-validator/internal/validator/app/app.go:70.48,73.3 2 0
github.com/xerardoo/invoice-cfdi-validator/internal/validator/app/app.go:80.16,81.13 1 0
github.com/xerardoo/invoice-cfdi-validator/internal/validator/app/app.go:84.16,86.3 1 0
github.com/xerardoo/invoice-cfdi-validator/internal/validator/app/app.go:94.26,95.26 1 1
github.com/xerardoo/invoice-cfdi-validator/internal/validator/app/app.go:99.3,101.17 3 1
github.com/xerardoo/invoice-cfdi-validator/internal/validator/app/app.go:106.3,109.17 4 1
github.com/xerardoo/invoice-cfdi-validator/internal/validator/app/app.go:113.3,126.8 6 1
github.com/xerardoo/invoice-cfdi-validator/internal/validator/app/app.go:127.33,128.26 1 0
github.com/xerardoo/invoice-cfdi-validator/internal/validator/app/app.go:132.3,134.17 3 0
github.com/xerardoo/invoice-cfdi-validator/internal/validator/app/app.go:138.3,151.8 6 0
github.com/xerardoo/invoice-cfdi-validator/internal/validator/app/app.go:152.10,154.13 2 0
github.com/xerardoo/invoice-cfdi-validator/internal/validator/app/app.go:95.26,98.4 2 0
github.com/xerardoo/invoice-cfdi-validator/internal/validator/app/app.go:101.17,103.4 1 0
github.com/xerardoo/invoice-cfdi-validator/internal/validator/app/app.go:109.17,111.4 1 0
github.com/xerardoo/invoice-cfdi-validator/internal/validator/app/app.go:128.26,131.4 2 0
github.com/xerardoo/invoice-cfdi-validator/internal/validator/app/app.go:134.17,136.4 1 0
github.com/xerardoo/invoice-cfdi-validator/internal/validator/app/app.go:159.86,161.40 2 1
github.com/xerardoo/invoice-cfdi-validator/internal/validator/app/app.go:176.2,177.29 2 1
github.com/xerardoo/invoice-cfdi-validator/internal/validator/app/app.go:161.40,168.14 6 1
github.com/xerardoo/invoice-cfdi-validator/internal/validator/app/app.go:173.3,173.58 1 1
github.com/xerardoo/invoice-cfdi-validator/internal/validator/app/app.go:168.14,170.4 1 1
github.com/xerardoo/invoice-cfdi-validator/internal/validator/app/app.go:170.9,172.4 1 1
github.com/xerardoo/invoice-cfdi-validator/internal/validator/usecase/validation_message.go:16.52,18.2 1 1
github.com/xerardoo/invoice-cfdi-validator/internal/validator/usecase/validation_message.go:20.60,22.2 1 1
github.com/xerardoo/invoice-cfdi-validator/internal/validator/usecase/validation_message.go:24.54,26.2 1 1
github.com/xerardoo/invoice-cfdi-validator/internal/validator/usecase/validation_message.go:28.58,30.2 1 1
github.com/xerardoo/invoice-cfdi-validator/internal/validator/usecase/validation_message.go:32.60,35.2 1 1
github.com/xerardoo/invoice-cfdi-validator/internal/validator/repository/excel/forma_pago.go:18.74,22.2 1 1
github.com/xerardoo/invoice-cfdi-validator/internal/validator/repository/excel/forma_pago.go:24.143,31.2 6 1
github.com/xerardoo/invoice-cfdi-validator/internal/validator/repository/excel/forma_pago.go:33.84,35.16 2 1
github.com/xerardoo/invoice-cfdi-validator/internal/validator/repository/excel/forma_pago.go:39.2,39.79 1 1
github.com/xerardoo/invoice-cfdi-validator/internal/validator/repository/excel/forma_pago.go:48.2,48.8 1 1
github.com/xerardoo/invoice-cfdi-validator/internal/validator/repository/excel/forma_pago.go:35.16,37.3 1 0
github.com/xerardoo/invoice-cfdi-validator/internal/validator/repository/excel/forma_pago.go:39.79,41.17 2 1
github.com/xerardoo/invoice-cfdi-validator/internal/validator/repository/excel/forma_pago.go:45.3,46.59 2 1
github.com/xerardoo/invoice-cfdi-validator/internal/validator/repository/excel/forma_pago.go:41.17,43.4 1 0
github.com/xerardoo/invoice-cfdi-validator/internal/validator/repository/excel/forma_pago.go:51.97,53.16 2 1
github.com/xerardoo/invoice-cfdi-validator/internal/validator/repository/excel/forma_pago.go:57.2,57.42 1 1
github.com/xerardoo/invoice-cfdi-validator/internal/validator/repository/excel/forma_pago.go:62.2,62.8 1 0
github.com/xerardoo/invoice-cfdi-validator/internal/validator/repository/excel/forma_pago.go:53.16,55.3 1 0
github.com/xerardoo/invoice-cfdi-validator/internal/validator/repository/excel/forma_pago.go:57.42,58.31 1 1
github.com/xerardoo/invoice-cfdi-validator/internal/validator/repository/excel/forma_pago.go:58.31,60.4 1 1
github.com/xerardoo/invoice-cfdi-validator/internal/validator/repository/excel/uso_cfdi.go:18.70,22.2 1 1
github.com/xerardoo/invoice-cfdi-validator/internal/validator/repository/excel/uso_cfdi.go:24.143,31.2 6 1
github.com/xerardoo/invoice-cfdi-validator/internal/validator/repository/excel/uso_cfdi.go:33.74,35.16 2 1
github.com/xerardoo/invoice-cfdi-validator/internal/validator/repository/excel/uso_cfdi.go:39.2,39.79 1 1
github.com/xerardoo/invoice-cfdi-validator/internal/validator/repository/excel/uso_cfdi.go:54.2,54.8 1 1
github.com/xerardoo/invoice-cfdi-validator/internal/validator/repository/excel/uso_cfdi.go:35.16,37.3 1 0
github.com/xerardoo/invoice-cfdi-validator/internal/validator/repository/excel/uso_cfdi.go:39.79,42.49 2 1
github.com/xerardoo/invoice-cfdi-validator/internal/validator/repository/excel/uso_cfdi.go:51.3,52.27 2 1
github.com/xerardoo/invoice-cfdi-validator/internal/validator/repository/excel/uso_cfdi.go:42.49,44.18 2 1
github.com/xerardoo/invoice-cfdi-validator/internal/validator/repository/excel/uso_cfdi.go:48.4,48.46 1 1
github.com/xerardoo/invoice-cfdi-validator/internal/validator/repository/excel/uso_cfdi.go:44.18,46.5 1 0
github.com/xerardoo/invoice-cfdi-validator/internal/validator/repository/excel/uso_cfdi.go:57.87,59.16 2 1
github.com/xerardoo/invoice-cfdi-validator/internal/validator/repository/excel/uso_cfdi.go:63.2,63.31 1 1
github.com/xerardoo/invoice-cfdi-validator/internal/validator/repository/excel/uso_cfdi.go:68.2,68.8 1 0
github.com/xerardoo/invoice-cfdi-validator/internal/validator/repository/excel/uso_cfdi.go:59.16,61.3 1 0
github.com/xerardoo/invoice-cfdi-validator/internal/validator/repository/excel/uso_cfdi.go:63.31,64.25 1 1
github.com/xerardoo/invoice-cfdi-validator/internal/validator/repository/excel/uso_cfdi.go:64.25,66.4 1 1
github.com/xerardoo/invoice-cfdi-validator/internal/validator/repository/excel/uso_cfdi.go:71.56,82.2 5 1
github.com/xerardoo/invoice-cfdi-validator/internal/validator/repository/excel/utils.go:12.105,14.16 2 1
github.com/xerardoo/invoice-cfdi-validator/internal/validator/repository/excel/utils.go:18.2,19.35 2 1
github.com/xerardoo/invoice-cfdi-validator/internal/validator/repository/excel/utils.go:23.2,23.8 1 1
github.com/xerardoo/invoice-cfdi-validator/internal/validator/repository/excel/utils.go:14.16,16.3 1 0
github.com/xerardoo/invoice-cfdi-validator/internal/validator/repository/excel/utils.go:19.35,22.3 2 0
github.com/xerardoo/invoice-cfdi-validator/internal/validator/repository/excel/utils.go:26.75,28.16 2 1
github.com/xerardoo/invoice-cfdi-validator/internal/validator/repository/excel/utils.go:31.2,32.16 2 1
github.com/xerardoo/invoice-cfdi-validator/internal/validator/repository/excel/utils.go:35.2,36.8 2 1
github.com/xerardoo/invoice-cfdi-validator/internal/validator/repository/excel/utils.go:28.16,30.3 1 0
github.com/xerardoo/invoice-cfdi-validator/internal/validator/repository/excel/utils.go:32.16,34.3 1 0
github.com/xerardoo/invoice-cfdi-validator/internal/validator/usecase/cfdi33/fecha_validation.go:13.54,15.2 1 0
github.com/xerardoo/invoice-cfdi-validator/internal/validator/usecase/cfdi33/fecha_validation.go:17.67,22.36 1 1
github.com/xerardoo/invoice-cfdi-validator/internal/validator/usecase/cfdi33/fecha_validation.go:22.36,26.4 3 1
github.com/xerardoo/invoice-cfdi-validator/internal/validator/usecase/cfdi33/forma_pago_validation.go:15.94,23.2 3 1
github.com/xerardoo/invoice-cfdi-validator/internal/validator/usecase/cfdi33/forma_pago_validation.go:25.72,30.36 1 1
github.com/xerardoo/invoice-cfdi-validator/internal/validator/usecase/cfdi33/forma_pago_validation.go:30.36,32.18 2 1
github.com/xerardoo/invoice-cfdi-validator/internal/validator/usecase/cfdi33/forma_pago_validation.go:35.4,35.29 1 1
github.com/xerardoo/invoice-cfdi-validator/internal/validator/usecase/cfdi33/forma_pago_validation.go:38.4,38.16 1 1
github.com/xerardoo/invoice-cfdi-validator/internal/validator/usecase/cfdi33/forma_pago_validation.go:32.18,34.5 1 0
github.com/xerardoo/invoice-cfdi-validator/internal/validator/usecase/cfdi33/forma_pago_validation.go:35.29,37.5 1 1
github.com/xerardoo/invoice-cfdi-validator/internal/validator/usecase/cfdi33/uso_cfdi_validation.go:16.90,24.2 3 1
github.com/xerardoo/invoice-cfdi-validator/internal/validator/usecase/cfdi33/uso_cfdi_validation.go:26.74,31.36 1 1
github.com/xerardoo/invoice-cfdi-validator/internal/validator/usecase/cfdi33/uso_cfdi_validation.go:31.36,33.18 2 1
github.com/xerardoo/invoice-cfdi-validator/internal/validator/usecase/cfdi33/uso_cfdi_validation.go:37.4,37.37 1 1
github.com/xerardoo/invoice-cfdi-validator/internal/validator/usecase/cfdi33/uso_cfdi_validation.go:49.4,49.16 1 1
github.com/xerardoo/invoice-cfdi-validator/internal/validator/usecase/cfdi33/uso_cfdi_validation.go:33.18,36.5 2 0
github.com/xerardoo/invoice-cfdi-validator/internal/validator/usecase/cfdi33/uso_cfdi_validation.go:38.12,39.24 1 0
github.com/xerardoo/invoice-cfdi-validator/internal/validator/usecase/cfdi33/uso_cfdi_validation.go:42.5,42.10 1 0
github.com/xerardoo/invoice-cfdi-validator/internal/validator/usecase/cfdi33/uso_cfdi_validation.go:43.12,44.25 1 1
github.com/xerardoo/invoice-cfdi-validator/internal/validator/usecase/cfdi33/uso_cfdi_validation.go:47.5,47.10 1 0
github.com/xerardoo/invoice-cfdi-validator/internal/validator/usecase/cfdi33/uso_cfdi_validation.go:39.24,41.6 1 0
github.com/xerardoo/invoice-cfdi-validator/internal/validator/usecase/cfdi33/uso_cfdi_validation.go:44.25,46.6 1 1
github.com/xerardoo/invoice-cfdi-validator/internal/validator/usecase/retenciones20/periodomesini_validation.go:13.77,15.2 1 0
github.com/xerardoo/invoice-cfdi-validator/internal/validator/usecase/retenciones20/periodomesini_validation.go:17.74,22.46 1 1
github.com/xerardoo/invoice-cfdi-validator/internal/validator/usecase/retenciones20/periodomesini_validation.go:22.46,26.24 3 1
github.com/xerardoo/invoice-cfdi-validator/internal/validator/usecase/retenciones20/periodomesini_validation.go:29.4,29.10 1 1
github.com/xerardoo/invoice-cfdi-validator/internal/validator/usecase/retenciones20/periodomesini_validation.go:26.24,28.5 1 1
github.com/xerardoo/invoice-cfdi-validator/internal/validator/usecase/retenciones20/cveretenc_validation.go:12.82,14.2 1 1
github.com/xerardoo/invoice-cfdi-validator/internal/validator/usecase/retenciones20/cveretenc_validation.go:16.76,21.36 1 1
github.com/xerardoo/invoice-cfdi-validator/internal/validator/usecase/retenciones20/cveretenc_validation.go:21.36,22.65 1 1
github.com/xerardoo/invoice-cfdi-validator/internal/validator/usecase/retenciones20/cveretenc_validation.go:25.4,25.15 1 1
github.com/xerardoo/invoice-cfdi-validator/internal/validator/usecase/retenciones20/cveretenc_validation.go:22.65,24.5 1 1
github.com/xerardoo/invoice-cfdi-validator/internal/validator/usecase/retenciones20/fechaexp_validation.go:13.80,15.2 1 1
github.com/xerardoo/invoice-cfdi-validator/internal/validator/usecase/retenciones20/fechaexp_validation.go:17.74,22.36 1 1
github.com/xerardoo/invoice-cfdi-validator/internal/validator/usecase/retenciones20/fechaexp_validation.go:22.36,26.4 3 1
github.com/xerardoo/invoice-cfdi-validator/pkg/cfdi33/cfdi33.go:39.21,41.2 1 0
github.com/xerardoo/invoice-cfdi-validator/pkg/cfdi33/cfdi33.go:43.38,45.2 1 0
github.com/xerardoo/invoice-cfdi-validator/pkg/cfdi33/cfdi33.go:47.105,48.46 1 0
github.com/xerardoo/invoice-cfdi-validator/pkg/cfdi33/cfdi33.go:53.2,53.15 1 0
github.com/xerardoo/invoice-cfdi-validator/pkg/cfdi33/cfdi33.go:48.46,49.59 1 0
github.com/xerardoo/invoice-cfdi-validator/pkg/cfdi33/cfdi33.go:49.59,51.4 1 0
github.com/xerardoo/invoice-cfdi-validator/pkg/datasource/file_excel.go:12.46,14.2 1 1
github.com/xerardoo/invoice-cfdi-validator/pkg/datasource/file_excel.go:16.43,18.16 2 1
github.com/xerardoo/invoice-cfdi-validator/pkg/datasource/file_excel.go:21.2,21.8 1 1
github.com/xerardoo/invoice-cfdi-validator/pkg/datasource/file_excel.go:18.16,20.3 1 0
github.com/xerardoo/invoice-cfdi-validator/pkg/validator/attribute_error.go:13.45,15.2 1 1
github.com/xerardoo/invoice-cfdi-validator/pkg/validator/attribute_error.go:17.48,19.2 1 1
github.com/xerardoo/invoice-cfdi-validator/pkg/validator/attribute_error.go:21.43,23.2 1 1
github.com/xerardoo/invoice-cfdi-validator/pkg/validator/validator_attribute.go:20.111,28.2 1 1
github.com/xerardoo/invoice-cfdi-validator/pkg/validator/validator_attribute.go:30.56,32.2 1 1
github.com/xerardoo/invoice-cfdi-validator/pkg/validator/validator_attribute.go:34.57,36.2 1 1
github.com/xerardoo/invoice-cfdi-validator/pkg/validator/validator_attribute.go:38.82,40.2 1 1
github.com/xerardoo/invoice-cfdi-validator/pkg/validator/validator_attribute.go:42.56,44.2 1 1
github.com/xerardoo/invoice-cfdi-validator/pkg/validator/validator_attribute.go:46.62,48.2 1 1
github.com/xerardoo/invoice-cfdi-validator/pkg/validator/validator_attribute.go:50.65,57.2 1 1
github.com/xerardoo/invoice-cfdi-validator/pkg/validator/validator_attribute.go:59.84,63.35 3 1
github.com/xerardoo/invoice-cfdi-validator/pkg/validator/validator_attribute.go:67.2,67.8 1 1
github.com/xerardoo/invoice-cfdi-validator/pkg/validator/validator_attribute.go:63.35,66.3 2 1
